<?xml version="1.0" encoding="UTF-8"?>
<!-- Generated by org.testng.reporters.JUnitReportReporter -->
<testsuite hostname="ostap" failures="0" tests="1" name="saucedemoTests.sauceDemoTests" time="14.447" errors="0" timestamp="2021-02-27T17:39:52 EET" skipped="0">
  <testcase classname="saucedemoTests.sauceDemoTests" name="testLoginProcedure" time="14.447"/>
  <system-out/>
</testsuite> <!-- saucedemoTests.sauceDemoTests -->
